[debug] [2023-02-05T19:10:23.453Z] ----------------------------------------------------------------------
[debug] [2023-02-05T19:10:23.456Z] Command:       C:\Program Files\nodejs\node.exe C:\Users\Rishabh Tripathi\AppData\Roaming\npm\node_modules\firebase-tools\lib\bin\firebase.js init
[debug] [2023-02-05T19:10:23.457Z] CLI Version:   11.22.0
[debug] [2023-02-05T19:10:23.457Z] Platform:      win32
[debug] [2023-02-05T19:10:23.457Z] Node Version:  v18.12.1
[debug] [2023-02-05T19:10:23.458Z] Time:          Mon Feb 06 2023 00:40:23 GMT+0530 (India Standard Time)
[debug] [2023-02-05T19:10:23.458Z] ----------------------------------------------------------------------
[debug] 
[debug] [2023-02-05T19:10:23.576Z] > command requires scopes: ["email","openid","https://www.googleapis.com/auth/cloudplatformprojects.readonly","https://www.googleapis.com/auth/firebase","https://www.googleapis.com/auth/cloud-platform"]
[debug] [2023-02-05T19:10:23.577Z] > authorizing via signed-in user (rishabh29072001@gmail.com)
[info] 
     ######## #### ########  ######## ########     ###     ######  ########
     ##        ##  ##     ## ##       ##     ##  ##   ##  ##       ##
     ######    ##  ########  ######   ########  #########  ######  ######
     ##        ##  ##    ##  ##       ##     ## ##     ##       ## ##
     ##       #### ##     ## ######## ########  ##     ##  ######  ########

You're about to initialize a Firebase project in this directory:

  C:\Users\Rishabh Tripathi\Downloads\SDE Engineer

Before we get started, keep in mind:

  * You are initializing within an existing Firebase project directory

[info] 
=== Project Setup
[info] 
[info] First, let's associate this project directory with a Firebase project.
[info] You can create multiple project aliases by running firebase use --add, 
[info] but for now we'll just set up a default project.
[info] 
[debug] [2023-02-05T19:10:35.975Z] >>> [apiv2][query] GET https://firebase.googleapis.com/v1beta1/projects pageSize=100
[debug] [2023-02-05T19:10:37.060Z] <<< [apiv2][status] GET https://firebase.googleapis.com/v1beta1/projects 200
[debug] [2023-02-05T19:10:37.060Z] <<< [apiv2][body] GET https://firebase.googleapis.com/v1beta1/projects [omitted]
[info] i  Using project rishabhjsreactapp (rishabhjsreactapp) 
[info] 
=== Hosting:github Setup
[info] 
[info] i  Didn't detect a .git folder. Assuming C:\Users\Rishabh Tripathi\Downloads\SDE Engineer\rishabhjsdeveloper-app is the project root. 
[info] i  Authorizing with GitHub to upload your service account to a GitHub repository's secrets store. 
[info] 
[info] Visit this URL on this device to log in:
[info] https://github.com/login/oauth/authorize?client_id=89cf50f02ac6aaed3484&state=1012393214&redirect_uri=http%3A%2F%2Flocalhost%3A9005&scope=read%3Auser%20repo%20public_repo
[info] 
[info] Waiting for authentication...
[debug] [2023-02-05T19:11:11.372Z] >>> [apiv2][query] POST https://github.com/login/oauth/access_token [none]
[debug] [2023-02-05T19:11:11.372Z] >>> [apiv2][body] POST https://github.com/login/oauth/access_token [stream]
[debug] [2023-02-05T19:11:11.789Z] <<< [apiv2][status] POST https://github.com/login/oauth/access_token 200
[debug] [2023-02-05T19:11:11.789Z] <<< [apiv2][body] POST https://github.com/login/oauth/access_token {"access_token":"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","token_type":"bearer","scope":"read:user,repo"}
[debug] [2023-02-05T19:11:11.820Z] >>> [apiv2][query] GET https://api.github.com/user [none]
[debug] [2023-02-05T19:11:12.247Z] <<< [apiv2][status] GET https://api.github.com/user 200
[debug] [2023-02-05T19:11:12.247Z] <<< [apiv2][body] GET https://api.github.com/user {"login":"RT-1904129","id":74362927,"node_id":"MDQ6VXNlcjc0MzYyOTI3","avatar_url":"https://avatars.githubusercontent.com/u/74362927?v=4","gravatar_id":"","url":"https://api.github.com/users/RT-1904129","html_url":"https://github.com/RT-1904129","followers_url":"https://api.github.com/users/RT-1904129/followers","following_url":"https://api.github.com/users/RT-1904129/following{/other_user}","gists_url":"https://api.github.com/users/RT-1904129/gists{/gist_id}","starred_url":"https://api.github.com/users/RT-1904129/starred{/owner}{/repo}","subscriptions_url":"https://api.github.com/users/RT-1904129/subscriptions","organizations_url":"https://api.github.com/users/RT-1904129/orgs","repos_url":"https://api.github.com/users/RT-1904129/repos","events_url":"https://api.github.com/users/RT-1904129/events{/privacy}","received_events_url":"https://api.github.com/users/RT-1904129/received_events","type":"User","site_admin":false,"name":"Rishabh Tripathi","company":"IIT GOA","blog":"https://www.linkedin.com/in/rishabh-tripathi-70707b1a0/","location":"Ayodhya ,Uttar Pradesh ,India","email":null,"hireable":null,"bio":" Ex-Intern @VMware | Software Developer | Competitive programmer  | Open Source  enthusiast | IIT Final year student 🎓 ","twitter_username":null,"public_repos":32,"public_gists":0,"followers":24,"following":42,"created_at":"2020-11-12T13:47:09Z","updated_at":"2023-01-31T14:34:21Z","private_gists":0,"total_private_repos":4,"owned_private_repos":4,"disk_usage":164855,"collaborators":0,"two_factor_authentication":false,"plan":{"name":"free","space":976562499,"collaborators":0,"private_repos":10000}}
[info] 
[info] +  Success! Logged into GitHub as RT-1904129 
[info] 
